# JRE version: OpenJDK Runtime Environment (8.0_112-b06) (build 1.8.0_112-release-b06)
# Java VM: OpenJDK 64-Bit Server VM (25.112-b06 mixed mode windows-amd64 compressed oops)
Heap:
 PSYoungGen      total 104448K, used 89757K [0x00000000e0000000, 0x00000000e8880000, 0x0000000100000000)
  eden space 92672K, 96% used [0x00000000e0000000,0x00000000e57a76f0,0x00000000e5a80000)
  from space 11776K, 0% used [0x00000000e5a80000,0x00000000e5a80000,0x00000000e6600000)
  to   space 12800K, 0% used [0x00000000e7c00000,0x00000000e7c00000,0x00000000e8880000)
 ParOldGen       total 61952K, used 16528K [0x00000000a0000000, 0x00000000a3c80000, 0x00000000e0000000)
  object space 61952K, 26% used [0x00000000a0000000,0x00000000a1024118,0x00000000a3c80000)
 Metaspace       used 39798K, capacity 40668K, committed 41136K, reserved 1087488K
  class space    used 5225K, capacity 5448K, committed 5552K, reserved 1048576K
GC Heap History (10 events):
Event: 12.531 GC heap before
{Heap before GC invocations=7 (full 1):
 PSYoungGen      total 73216K, used 4469K [0x00000000e0000000, 0x00000000e5000000, 0x0000000100000000)
  eden space 65536K, 0% used [0x00000000e0000000,0x00000000e0000000,0x00000000e4000000)
  from space 7680K, 58% used [0x00000000e4880000,0x00000000e4cdd5f0,0x00000000e5000000)
  to   space 8192K, 0% used [0x00000000e4000000,0x00000000e4000000,0x00000000e4800000)
 ParOldGen       total 44032K, used 10936K [0x00000000a0000000, 0x00000000a2b00000, 0x00000000e0000000)
  object space 44032K, 24% used [0x00000000a0000000,0x00000000a0aae350,0x00000000a2b00000)
 Metaspace       used 20863K, capacity 21258K, committed 21296K, reserved 1067008K
  class space    used 2708K, capacity 2861K, committed 2864K, reserved 1048576K
Event: 12.690 GC heap after
Heap after GC invocations=7 (full 1):
 PSYoungGen      total 73216K, used 0K [0x00000000e0000000, 0x00000000e5000000, 0x0000000100000000)
  eden space 65536K, 0% used [0x00000000e0000000,0x00000000e0000000,0x00000000e4000000)
  from space 7680K, 0% used [0x00000000e4880000,0x00000000e4880000,0x00000000e5000000)
  to   space 8192K, 0% used [0x00000000e4000000,0x00000000e4000000,0x00000000e4800000)
 ParOldGen       total 38912K, used 8013K [0x00000000a0000000, 0x00000000a2600000, 0x00000000e0000000)
  object space 38912K, 20% used [0x00000000a0000000,0x00000000a07d3720,0x00000000a2600000)
 Metaspace       used 20863K, capacity 21258K, committed 21296K, reserved 1067008K
  class space    used 2708K, capacity 2861K, committed 2864K, reserved 1048576K
}
Event: 16.098 GC heap before
{Heap before GC invocations=8 (full 1):
 PSYoungGen      total 73216K, used 65536K [0x00000000e0000000, 0x00000000e5000000, 0x0000000100000000)
  eden space 65536K, 100% used [0x00000000e0000000,0x00000000e4000000,0x00000000e4000000)
  from space 7680K, 0% used [0x00000000e4880000,0x00000000e4880000,0x00000000e5000000)
  to   space 8192K, 0% used [0x00000000e4000000,0x00000000e4000000,0x00000000e4800000)
 ParOldGen       total 38912K, used 8013K [0x00000000a0000000, 0x00000000a2600000, 0x00000000e0000000)
  object space 38912K, 20% used [0x00000000a0000000,0x00000000a07d3720,0x00000000a2600000)
 Metaspace       used 27262K, capacity 27824K, committed 28080K, reserved 1073152K
  class space    used 3567K, capacity 3737K, committed 3760K, reserved 1048576K
Event: 16.123 GC heap after
Heap after GC invocations=8 (full 1):
 PSYoungGen      total 73728K, used 8181K [0x00000000e0000000, 0x00000000e7000000, 0x0000000100000000)
  eden space 65536K, 0% used [0x00000000e0000000,0x00000000e0000000,0x00000000e4000000)
  from space 8192K, 99% used [0x00000000e4000000,0x00000000e47fd708,0x00000000e4800000)
  to   space 9728K, 0% used [0x00000000e6680000,0x00000000e6680000,0x00000000e7000000)
 ParOldGen       total 38912K, used 8698K [0x00000000a0000000, 0x00000000a2600000, 0x00000000e0000000)
  object space 38912K, 22% used [0x00000000a0000000,0x00000000a087e8c0,0x00000000a2600000)
 Metaspace       used 27262K, capacity 27824K, committed 28080K, reserved 1073152K
  class space    used 3567K, capacity 3737K, committed 3760K, reserved 1048576K
}
Event: 18.993 GC heap before
{Heap before GC invocations=9 (full 1):
 PSYoungGen      total 73728K, used 73717K [0x00000000e0000000, 0x00000000e7000000, 0x0000000100000000)
  eden space 65536K, 100% used [0x00000000e0000000,0x00000000e4000000,0x00000000e4000000)
  from space 8192K, 99% used [0x00000000e4000000,0x00000000e47fd708,0x00000000e4800000)
  to   space 9728K, 0% used [0x00000000e6680000,0x00000000e6680000,0x00000000e7000000)
 ParOldGen       total 38912K, used 8698K [0x00000000a0000000, 0x00000000a2600000, 0x00000000e0000000)
  object space 38912K, 22% used [0x00000000a0000000,0x00000000a087e8c0,0x00000000a2600000)
 Metaspace       used 31946K, capacity 32664K, committed 32944K, reserved 1077248K
  class space    used 4301K, capacity 4468K, committed 4528K, reserved 1048576K
Event: 19.008 GC heap after
Heap after GC invocations=9 (full 1):
 PSYoungGen      total 102400K, used 9699K [0x00000000e0000000, 0x00000000e7180000, 0x0000000100000000)
  eden space 92672K, 0% used [0x00000000e0000000,0x00000000e0000000,0x00000000e5a80000)
  from space 9728K, 99% used [0x00000000e6680000,0x00000000e6ff8f68,0x00000000e7000000)
  to   space 11776K, 0% used [0x00000000e5a80000,0x00000000e5a80000,0x00000000e6600000)
 ParOldGen       total 38912K, used 9403K [0x00000000a0000000, 0x00000000a2600000, 0x00000000e0000000)
  object space 38912K, 24% used [0x00000000a0000000,0x00000000a092ef58,0x00000000a2600000)
 Metaspace       used 31946K, capacity 32664K, committed 32944K, reserved 1077248K
  class space    used 4301K, capacity 4468K, committed 4528K, reserved 1048576K
}
Event: 26.065 GC heap before
{Heap before GC invocations=10 (full 1):
 PSYoungGen      total 102400K, used 92756K [0x00000000e0000000, 0x00000000e7180000, 0x0000000100000000)
  eden space 92672K, 89% used [0x00000000e0000000,0x00000000e511c180,0x00000000e5a80000)
  from space 9728K, 99% used [0x00000000e6680000,0x00000000e6ff8f68,0x00000000e7000000)
  to   space 11776K, 0% used [0x00000000e5a80000,0x00000000e5a80000,0x00000000e6600000)
 ParOldGen       total 38912K, used 9403K [0x00000000a0000000, 0x00000000a2600000, 0x00000000e0000000)
  object space 38912K, 24% used [0x00000000a0000000,0x00000000a092ef58,0x00000000a2600000)
 Metaspace       used 34478K, capacity 35296K, committed 35496K, reserved 1079296K
  class space    used 4565K, capacity 4794K, committed 4912K, reserved 1048576K
Event: 26.094 GC heap after
Heap after GC invocations=10 (full 1):
 PSYoungGen      total 104448K, used 9872K [0x00000000e0000000, 0x00000000e8880000, 0x0000000100000000)
  eden space 92672K, 0% used [0x00000000e0000000,0x00000000e0000000,0x00000000e5a80000)
  from space 11776K, 83% used [0x00000000e5a80000,0x00000000e6424220,0x00000000e6600000)
  to   space 12800K, 0% used [0x00000000e7c00000,0x00000000e7c00000,0x00000000e8880000)
 ParOldGen       total 38912K, used 9411K [0x00000000a0000000, 0x00000000a2600000, 0x00000000e0000000)
  object space 38912K, 24% used [0x00000000a0000000,0x00000000a0930f58,0x00000000a2600000)
 Metaspace       used 34478K, capacity 35296K, committed 35496K, reserved 1079296K
  class space    used 4565K, capacity 4794K, committed 4912K, reserved 1048576K
}
Event: 26.094 GC heap before
{Heap before GC invocations=11 (full 2):
 PSYoungGen      total 104448K, used 9872K [0x00000000e0000000, 0x00000000e8880000, 0x0000000100000000)
  eden space 92672K, 0% used [0x00000000e0000000,0x00000000e0000000,0x00000000e5a80000)
  from space 11776K, 83% used [0x00000000e5a80000,0x00000000e6424220,0x00000000e6600000)
  to   space 12800K, 0% used [0x00000000e7c00000,0x00000000e7c00000,0x00000000e8880000)
 ParOldGen       total 38912K, used 9411K [0x00000000a0000000, 0x00000000a2600000, 0x00000000e0000000)
  object space 38912K, 24% used [0x00000000a0000000,0x00000000a0930f58,0x00000000a2600000)
 Metaspace       used 34478K, capacity 35296K, committed 35496K, reserved 1079296K
  class space    used 4565K, capacity 4794K, committed 4912K, reserved 1048576K
Event: 26.232 GC heap after
Heap after GC invocations=11 (full 2):
 PSYoungGen      total 104448K, used 0K [0x00000000e0000000, 0x00000000e8880000, 0x0000000100000000)
  eden space 92672K, 0% used [0x00000000e0000000,0x00000000e0000000,0x00000000e5a80000)
  from space 11776K, 0% used [0x00000000e5a80000,0x00000000e5a80000,0x00000000e6600000)
  to   space 12800K, 0% used [0x00000000e7c00000,0x00000000e7c00000,0x00000000e8880000)
 ParOldGen       total 61952K, used 16528K [0x00000000a0000000, 0x00000000a3c80000, 0x00000000e0000000)
  object space 61952K, 26% used [0x00000000a0000000,0x00000000a1024118,0x00000000a3c80000)
 Metaspace       used 34411K, capacity 35160K, committed 35496K, reserved 1079296K
  class space    used 4543K, capacity 4770K, committed 4912K, reserved 1048576K
}

